<?xml version="1.0" encoding="UTF-8"?>
<!-- Generated by org.testng.reporters.JUnitReportReporter -->
<testsuite hostname="DESKTOP-4M1L9MT" failures="0" tests="3" name="testcases.LoginTest" time="35.791" errors="0" timestamp="2025-07-09T16:02:01 IST" skipped="0">
  <testcase classname="testcases.LoginTest" name="loginWithExcel" time="14.894"/>
  <testcase classname="testcases.LoginTest" name="loginWithExcel" time="9.237"/>
  <testcase classname="testcases.LoginTest" name="loginWithExcel" time="11.660"/>
</testsuite> <!-- testcases.LoginTest -->
